[    0.000000] Linux version 4.15.0-212-generic (buildd@lcy02-amd64-083) (gcc version 7.5.0 (Ubuntu 7.5.0-3ubuntu1~18.04)) #223-Ubuntu SMP Tue May 23 13:09:22 UTC 2023 (Ubuntu 4.15.0-212.223-generic 4.15.18)
[    0.000000] Command line: BOOT_IMAGE=/boot/vmlinuz-4.15.0-212-generic root=LABEL=cloudimg-rootfs ro console=tty1 console=ttyS0
[    0.000000] KERNEL supported cpus:
[    0.000000]   Intel GenuineIntel
[    0.000000]   AMD AuthenticAMD
[    0.000000]   Centaur CentaurHauls
[    0.000000] [Firmware Bug]: TSC doesn't count with P0 frequency!
[    0.000000] x86/fpu: Supporting XSAVE feature 0x001: 'x87 floating point registers'
[    0.000000] x86/fpu: Supporting XSAVE feature 0x002: 'SSE registers'
[    0.000000] x86/fpu: Supporting XSAVE feature 0x004: 'AVX registers'
[    0.000000] x86/fpu: xstate_offset[2]:  576, xstate_sizes[2]:  256
[    0.000000] x86/fpu: Enabled xstate features 0x7, context size is 832 bytes, using 'standard' format.
[    0.000000] e820: BIOS-provided physical RAM map:
[    0.000000] BIOS-e820: [mem 0x0000000000000000-0x000000000009fbff] usable
[    0.000000] BIOS-e820: [mem 0x000000000009fc00-0x000000000009ffff] reserved
[    0.000000] BIOS-e820: [mem 0x00000000000f0000-0x00000000000fffff] reserved
[    0.000000] BIOS-e820: [mem 0x0000000000100000-0x00000000dffeffff] usable
[    0.000000] BIOS-e820: [mem 0x00000000dfff0000-0x00000000dfffffff] ACPI data
[    0.000000] BIOS-e820: [mem 0x00000000fec00000-0x00000000fec00fff] reserved
[    0.000000] BIOS-e820: [mem 0x00000000fee00000-0x00000000fee00fff] reserved
[    0.000000] BIOS-e820: [mem 0x00000000fffc0000-0x00000000ffffffff] reserved
[    0.000000] BIOS-e820: [mem 0x0000000100000000-0x00000001987fffff] usable
[    0.000000] NX (Execute Disable) protection: active
[    0.000000] SMBIOS 2.5 present.
[    0.000000] DMI: innotek GmbH VirtualBox/VirtualBox, BIOS VirtualBox 12/01/2006
[    0.000000] Hypervisor detected: KVM
[    0.000000] e820: last_pfn = 0x198800 max_arch_pfn = 0x400000000
[    0.000000] MTRR: Disabled
[    0.000000] x86/PAT: MTRRs disabled, skipping PAT initialization too.
[    0.000000] CPU MTRRs all blank - virtualized system.
[    0.000000] x86/PAT: Configuration [0-7]: WB  WT  UC- UC  WB  WT  UC- UC  
[    0.000000] e820: last_pfn = 0xdfff0 max_arch_pfn = 0x400000000
[    0.000000] found SMP MP-table at [mem 0x0009fff0-0x0009ffff]
[    0.000000] Scanning 1 areas for low memory corruption
[    0.000000] RAMDISK: [mem 0x359cb000-0x36cdcfff]
[    0.000000] ACPI: Early table checksum verification disabled
[    0.000000] ACPI: RSDP 0x00000000000E0000 000024 (v02 VBOX  )
[    0.000000] ACPI: XSDT 0x00000000DFFF0030 00003C (v01 VBOX   VBOXXSDT 00000001 ASL  00000061)
[    0.000000] ACPI: FACP 0x00000000DFFF00F0 0000F4 (v04 VBOX   VBOXFACP 00000001 ASL  00000061)
[    0.000000] ACPI: DSDT 0x00000000DFFF0640 002353 (v02 VBOX   VBOXBIOS 00000002 INTL 20200925)
[    0.000000] ACPI: FACS 0x00000000DFFF0200 000040
[    0.000000] ACPI: FACS 0x00000000DFFF0200 000040
[    0.000000] ACPI: APIC 0x00000000DFFF0240 00008C (v02 VBOX   VBOXAPIC 00000001 ASL  00000061)
[    0.000000] ACPI: SSDT 0x00000000DFFF02D0 00036C (v01 VBOX   VBOXCPUT 00000002 INTL 20200925)
[    0.000000] ACPI: Reserving FACP table memory at [mem 0xdfff00f0-0xdfff01e3]
[    0.000000] ACPI: Reserving DSDT table memory at [mem 0xdfff0640-0xdfff2992]
[    0.000000] ACPI: Reserving FACS table memory at [mem 0xdfff0200-0xdfff023f]
[    0.000000] ACPI: Reserving FACS table memory at [mem 0xdfff0200-0xdfff023f]
[    0.000000] ACPI: Reserving APIC table memory at [mem 0xdfff0240-0xdfff02cb]
[    0.000000] ACPI: Reserving SSDT table memory at [mem 0xdfff02d0-0xdfff063b]
[    0.000000] No NUMA configuration found
[    0.000000] Faking a node at [mem 0x0000000000000000-0x00000001987fffff]
[    0.000000] NODE_DATA(0) allocated [mem 0x1987d1000-0x1987fbfff]
[    0.000000] kvm-clock: cpu 0, msr 1:98750001, primary cpu clock
[    0.000000] kvm-clock: Using msrs 4b564d01 and 4b564d00
[    0.000000] kvm-clock: using sched offset of 3350508366 cycles
[    0.000000] clocksource: kvm-clock: mask: 0xffffffffffffffff max_cycles: 0x1cd42e4dffb, max_idle_ns: 881590591483 ns
[    0.000000] Zone ranges:
[    0.000000]   DMA      [mem 0x0000000000001000-0x0000000000ffffff]
[    0.000000]   DMA32    [mem 0x0000000001000000-0x00000000ffffffff]
[    0.000000]   Normal   [mem 0x0000000100000000-0x00000001987fffff]
[    0.000000]   Device   empty
[    0.000000] Movable zone start for each node
[    0.000000] Early memory node ranges
[    0.000000]   node   0: [mem 0x0000000000001000-0x000000000009efff]
[    0.000000]   node   0: [mem 0x0000000000100000-0x00000000dffeffff]
[    0.000000]   node   0: [mem 0x0000000100000000-0x00000001987fffff]
[    0.000000] Reserved but unavailable: 104 pages
[    0.000000] Initmem setup node 0 [mem 0x0000000000001000-0x00000001987fffff]
[    0.000000] ACPI: PM-Timer IO Port: 0x4008
[    0.000000] IOAPIC[0]: apic_id 8, version 32, address 0xfec00000, GSI 0-23
[    0.000000] ACPI: INT_SRC_OVR (bus 0 bus_irq 0 global_irq 2 dfl dfl)
[    0.000000] ACPI: INT_SRC_OVR (bus 0 bus_irq 9 global_irq 9 low level)
[    0.000000] Using ACPI (MADT) for SMP configuration information
[    0.000000] smpboot: Allowing 8 CPUs, 0 hotplug CPUs
[    0.000000] PM: Registered nosave memory: [mem 0x00000000-0x00000fff]
[    0.000000] PM: Registered nosave memory: [mem 0x0009f000-0x0009ffff]
[    0.000000] PM: Registered nosave memory: [mem 0x000a0000-0x000effff]
[    0.000000] PM: Registered nosave memory: [mem 0x000f0000-0x000fffff]
[    0.000000] PM: Registered nosave memory: [mem 0xdfff0000-0xdfffffff]
[    0.000000] PM: Registered nosave memory: [mem 0xe0000000-0xfebfffff]
[    0.000000] PM: Registered nosave memory: [mem 0xfec00000-0xfec00fff]
[    0.000000] PM: Registered nosave memory: [mem 0xfec01000-0xfedfffff]
[    0.000000] PM: Registered nosave memory: [mem 0xfee00000-0xfee00fff]
[    0.000000] PM: Registered nosave memory: [mem 0xfee01000-0xfffbffff]
[    0.000000] PM: Registered nosave memory: [mem 0xfffc0000-0xffffffff]
[    0.000000] e820: [mem 0xe0000000-0xfebfffff] available for PCI devices
[    0.000000] Booting paravirtualized kernel on KVM
[    0.000000] clocksource: refined-jiffies: mask: 0xffffffff max_cycles: 0xffffffff, max_idle_ns: 7645519600211568 ns
[    0.000000] setup_percpu: NR_CPUS:8192 nr_cpumask_bits:8 nr_cpu_ids:8 nr_node_ids:1
[    0.000000] percpu: Embedded 50 pages/cpu s167936 r8192 d28672 u262144
[    0.000000] PV qspinlock hash table entries: 256 (order: 0, 4096 bytes)
[    0.000000] Built 1 zonelists, mobility grouping on.  Total pages: 1517913
[    0.000000] Policy zone: Normal
[    0.000000] Kernel command line: BOOT_IMAGE=/boot/vmlinuz-4.15.0-212-generic root=LABEL=cloudimg-rootfs ro console=tty1 console=ttyS0
[    0.000000] Memory: 5953556K/6168120K available (12300K kernel code, 2477K rwdata, 4324K rodata, 2480K init, 2720K bss, 214564K reserved, 0K cma-reserved)
[    0.000000] SLUB: HWalign=64, Order=0-3, MinObjects=0, CPUs=8, Nodes=1
[    0.000000] ftrace: allocating 39508 entries in 155 pages
[    0.004000] Hierarchical RCU implementation.
[    0.004000] 	RCU restricting CPUs from NR_CPUS=8192 to nr_cpu_ids=8.
[    0.004000] 	Tasks RCU enabled.
[    0.004000] RCU: Adjusting geometry for rcu_fanout_leaf=16, nr_cpu_ids=8
[    0.004000] NR_IRQS: 524544, nr_irqs: 488, preallocated irqs: 16
[    0.004000] random: crng init done
[    0.004000] Console: colour VGA+ 80x25
[    0.004000] console [tty1] enabled
[    0.004000] console [ttyS0] enabled
[    0.004000] ACPI: Core revision 20170831
[    0.004000] ACPI: 2 ACPI AML tables successfully acquired and loaded
[    0.004000] APIC: Switch to symmetric I/O mode setup
[    0.004000] x2apic enabled
[    0.004000] Switched APIC routing to physical x2apic.
[    0.004000] ..TIMER: vector=0x30 apic1=0 pin1=2 apic2=-1 pin2=-1
[    0.004000] tsc: Detected 2096.048 MHz processor
[    0.004000] Calibrating delay loop (skipped) preset value.. 4192.09 BogoMIPS (lpj=8384192)
[    0.004000] pid_max: default: 32768 minimum: 301
[    0.004000] Security Framework initialized
[    0.004000] Yama: becoming mindful.
[    0.004000] AppArmor: AppArmor initialized
[    0.004000] Dentry cache hash table entries: 1048576 (order: 11, 8388608 bytes)
[    0.004000] Inode-cache hash table entries: 524288 (order: 10, 4194304 bytes)
[    0.004000] Mount-cache hash table entries: 16384 (order: 5, 131072 bytes)
[    0.004000] Mountpoint-cache hash table entries: 16384 (order: 5, 131072 bytes)
[    0.004000] Last level iTLB entries: 4KB 1024, 2MB 1024, 4MB 512
[    0.004000] Last level dTLB entries: 4KB 2048, 2MB 2048, 4MB 1024, 1GB 0
[    0.004000] Spectre V1 : Mitigation: usercopy/swapgs barriers and __user pointer sanitization
[    0.004000] Spectre V2 : Mitigation: Retpolines
[    0.004000] Spectre V2 : Spectre v2 / SpectreRSB mitigation: Filling RSB on context switch
[    0.004000] Spectre V2 : Spectre v2 / SpectreRSB : Filling RSB on VMEXIT
[    0.004000] RETBleed: Vulnerable
[    0.004000] Freeing SMP alternatives memory: 36K
[    0.132618] APIC calibration not consistent with PM-Timer: 108ms instead of 100ms
[    0.133454] APIC delta adjusted to PM-Timer: 6301903 (6846032)
[    0.134269] smpboot: CPU0: AMD Ryzen 5 5500U with Radeon Graphics (family: 0x17, model: 0x68, stepping: 0x1)
[    0.135695] Performance Events: PMU not available due to virtualization, using software events only.
[    0.136000] Hierarchical SRCU implementation.
[    0.136000] NMI watchdog: Perf event create on CPU 0 failed with -2
[    0.136003] NMI watchdog: Perf NMI watchdog permanently disabled
[    0.136668] smp: Bringing up secondary CPUs ...
[    0.137377] x86: Booting SMP configuration:
[    0.137935] .... node  #0, CPUs:      #1
[    0.004000] kvm-clock: cpu 1, msr 1:98750041, secondary cpu clock
[    0.140072]  #2
[    0.004000] kvm-clock: cpu 2, msr 1:98750081, secondary cpu clock
[    0.143238] TSC synchronization [CPU#0 -> CPU#2]:
[    0.143872] Measured 63 cycles TSC warp between CPUs, turning off TSC clock.
[    0.144000] tsc: Marking TSC unstable due to check_tsc_sync_source failed
[    0.144076]  #3
[    0.004000] kvm-clock: cpu 3, msr 1:987500c1, secondary cpu clock
[    0.148784]  #4
[    0.004000] kvm-clock: cpu 4, msr 1:98750101, secondary cpu clock
[    0.148948]  #5
[    0.004000] kvm-clock: cpu 5, msr 1:98750141, secondary cpu clock
[    0.149696]  #6
[    0.004000] kvm-clock: cpu 6, msr 1:98750181, secondary cpu clock
[    0.153276]  #7
[    0.004000] kvm-clock: cpu 7, msr 1:987501c1, secondary cpu clock
[    0.153276] smp: Brought up 1 node, 8 CPUs
[    0.153276] smpboot: Max logical packages: 1
[    0.153276] smpboot: Total of 8 processors activated (33536.76 BogoMIPS)
[    0.156572] devtmpfs: initialized
[    0.156572] x86/mm: Memory block size: 128MB
[    0.157335] evm: security.selinux
[    0.157772] evm: security.SMACK64
[    0.158197] evm: security.SMACK64EXEC
[    0.160007] evm: security.SMACK64TRANSMUTE
[    0.160535] evm: security.SMACK64MMAP
[    0.161015] evm: security.apparmor
[    0.161424] evm: security.ima
[    0.161851] evm: security.capability
[    0.162342] clocksource: jiffies: mask: 0xffffffff max_cycles: 0xffffffff, max_idle_ns: 7645041785100000 ns
[    0.162342] futex hash table entries: 2048 (order: 5, 131072 bytes)
[    0.164054] pinctrl core: initialized pinctrl subsystem
[    0.164754] RTC time: 17:51:29, date: 09/25/23
[    0.165517] NET: Registered protocol family 16
[    0.166141] audit: initializing netlink subsys (disabled)
[    0.166779] audit: type=2000 audit(1695664293.846:1): state=initialized audit_enabled=0 res=1
[    0.168011] cpuidle: using governor ladder
[    0.168039] cpuidle: using governor menu
[    0.168630] ACPI: bus type PCI registered
[    0.168630] acpiphp: ACPI Hot Plug PCI Controller Driver version: 0.5
[    0.172066] PCI: Using configuration type 1 for base access
[    0.172769] PCI: Using configuration type 1 for extended access
[    0.173535] HugeTLB registered 2.00 MiB page size, pre-allocated 0 pages
[    0.176064] ACPI: Added _OSI(Module Device)
[    0.176648] ACPI: Added _OSI(Processor Device)
[    0.177224] ACPI: Added _OSI(3.0 _SCP Extensions)
[    0.177842] ACPI: Added _OSI(Processor Aggregator Device)
[    0.178545] ACPI: Added _OSI(Linux-Dell-Video)
[    0.179136] ACPI: Added _OSI(Linux-Lenovo-NV-HDMI-Audio)
[    0.180003] ACPI: Added _OSI(Linux-HPI-Hybrid-Graphics)
[    0.180889] ACPI: Executed 1 blocks of module-level executable AML code
[    0.184677] ACPI: Interpreter enabled
[    0.185186] ACPI: (supports S0 S5)
[    0.185650] ACPI: Using IOAPIC for interrupt routing
[    0.186491] PCI: Using host bridge windows from ACPI; if necessary, use "pci=nocrs" and report a bug
[    0.187790] ACPI: Enabled 2 GPEs in block 00 to 07
[    0.192505] ACPI: PCI Root Bridge [PCI0] (domain 0000 [bus 00-ff])
[    0.193347] acpi PNP0A03:00: _OSC: OS supports [ExtendedConfig ASPM ClockPM Segments MSI]
[    0.195200] acpi PNP0A03:00: _OSC: platform does not support [PCIeCapability]
[    0.196362] acpi PNP0A03:00: _OSC: not requesting control; platform does not support [PCIeCapability]
[    0.197595] acpi PNP0A03:00: _OSC: OS requested [PCIeHotplug PME AER PCIeCapability]
[    0.198640] acpi PNP0A03:00: _OSC: platform willing to grant [PCIeHotplug PME AER]
[    0.199691] acpi PNP0A03:00: _OSC failed (AE_SUPPORT); disabling ASPM
[    0.200227] PCI host bridge to bus 0000:00
[    0.200826] pci_bus 0000:00: root bus resource [io  0x0000-0x0cf7 window]
[    0.201730] pci_bus 0000:00: root bus resource [io  0x0d00-0xffff window]
[    0.202600] pci_bus 0000:00: root bus resource [mem 0x000a0000-0x000bffff window]
[    0.204002] pci_bus 0000:00: root bus resource [mem 0xe0000000-0xfdffffff window]
[    0.204991] pci_bus 0000:00: root bus resource [bus 00-ff]
[    0.206610] pci 0000:00:01.1: legacy IDE quirk: reg 0x10: [io  0x01f0-0x01f7]
[    0.207567] pci 0000:00:01.1: legacy IDE quirk: reg 0x14: [io  0x03f6]
[    0.208002] pci 0000:00:01.1: legacy IDE quirk: reg 0x18: [io  0x0170-0x0177]
[    0.208927] pci 0000:00:01.1: legacy IDE quirk: reg 0x1c: [io  0x0376]
[    0.228000] pci 0000:00:07.0: quirk: [io  0x4000-0x403f] claimed by PIIX4 ACPI
[    0.228009] pci 0000:00:07.0: quirk: [io  0x4100-0x410f] claimed by PIIX4 SMB
[    0.241277] ACPI: PCI Interrupt Link [LNKA] (IRQs 5 9 10 *11)
[    0.244055] ACPI: PCI Interrupt Link [LNKB] (IRQs 5 9 *10 11)
[    0.244985] ACPI: PCI Interrupt Link [LNKC] (IRQs 5 *9 10 11)
[    0.245849] ACPI: PCI Interrupt Link [LNKD] (IRQs 5 9 10 *11)
[    0.248346] SCSI subsystem initialized
[    0.248938] pci 0000:00:02.0: vgaarb: setting as boot VGA device
[    0.248938] pci 0000:00:02.0: vgaarb: VGA device added: decodes=io+mem,owns=io+mem,locks=none
[    0.252012] pci 0000:00:02.0: vgaarb: bridge control possible
[    0.252795] vgaarb: loaded
[    0.253236] ACPI: bus type USB registered
[    0.256024] usbcore: registered new interface driver usbfs
[    0.256794] usbcore: registered new interface driver hub
[    0.257530] usbcore: registered new device driver usb
[    0.260035] EDAC MC: Ver: 3.0.0
[    0.260578] PCI: Using ACPI for IRQ routing
[    0.260865] NetLabel: Initializing
[    0.261359] NetLabel:  domain hash size = 128
[    0.261995] NetLabel:  protocols = UNLABELED CIPSOv4 CALIPSO
[    0.264012] NetLabel:  unlabeled traffic allowed by default
[    0.268101] clocksource: Switched to clocksource kvm-clock
[    0.272893] VFS: Disk quotas dquot_6.6.0
[    0.272893] VFS: Dquot-cache hash table entries: 512 (order 0, 4096 bytes)
[    0.272893] AppArmor: AppArmor Filesystem Enabled
[    0.272893] pnp: PnP ACPI init
[    0.272893] pnp: PnP ACPI: found 3 devices
[    0.339451] clocksource: acpi_pm: mask: 0xffffff max_cycles: 0xffffff, max_idle_ns: 2085701024 ns
[    0.340460] NET: Registered protocol family 2
[    0.340460] IP idents hash table entries: 131072 (order: 8, 1048576 bytes)
[    0.343392] TCP established hash table entries: 65536 (order: 7, 524288 bytes)
[    0.344493] TCP bind hash table entries: 65536 (order: 8, 1048576 bytes)
[    0.348391] TCP: Hash tables configured (established 65536 bind 65536)
[    0.348391] UDP hash table entries: 4096 (order: 5, 131072 bytes)
[    0.348391] UDP-Lite hash table entries: 4096 (order: 5, 131072 bytes)
[    0.348391] NET: Registered protocol family 1
[    0.348391] pci 0000:00:00.0: Limiting direct PCI/PCI transfers
[    0.348391] pci 0000:00:01.0: Activating ISA DMA hang workarounds
[    0.348391] pci 0000:00:02.0: Video device with shadowed ROM at [mem 0x000c0000-0x000dffff]
[    0.348391] Unpacking initramfs...
[    0.724055] Freeing initrd memory: 19528K
[    0.724055] PCI-DMA: Using software bounce buffering for IO (SWIOTLB)
[    0.724055] software IO TLB: mapped [mem 0xdbff0000-0xdfff0000] (64MB)
[    0.724055] clocksource: tsc: mask: 0xffffffffffffffff max_cycles: 0x1e369b2801c, max_idle_ns: 440795262330 ns
[    0.724055] platform rtc_cmos: registered platform RTC device (no PNP device found)
[    0.724055] Scanning for low memory corruption every 60 seconds
[    0.779259] Initialise system trusted keyrings
[    0.779888] Key type blacklist registered
[    0.780923] workingset: timestamp_bits=36 max_order=21 bucket_order=0
[    0.782644] zbud: loaded
[    0.783826] squashfs: version 4.0 (2009/01/31) Phillip Lougher
[    0.785401] fuse init (API version 7.26)
[    0.805316] Key type asymmetric registered
[    0.805888] Asymmetric key parser 'x509' registered
[    0.806468] Block layer SCSI generic (bsg) driver version 0.4 loaded (major 246)
[    0.807340] io scheduler noop registered
[    0.807795] io scheduler deadline registered
[    0.808341] io scheduler cfq registered (default)
[    0.809390] ACPI: AC Adapter [AC] (off-line)
[    0.810066] input: Power Button as /devices/LNXSYSTM:00/LNXPWRBN:00/input/input0
[    0.811176] ACPI: Power Button [PWRF]
[    0.811745] input: Sleep Button as /devices/LNXSYSTM:00/LNXSLPBN:00/input/input1
[    0.812804] ACPI: Sleep Button [SLPF]
[    0.813858] Serial: 8250/16550 driver, 32 ports, IRQ sharing enabled
[    0.814179] ACPI: Battery Slot [BAT0] (battery present)
[    0.835766] 00:02: ttyS0 at I/O 0x3f8 (irq = 4, base_baud = 115200) is a 16550A
[    0.839177] Linux agpgart interface v0.103
[    0.841759] loop: module loaded
[    0.842766] scsi host0: ata_piix
[    0.843448] scsi host1: ata_piix
[    0.843946] ata1: PATA max UDMA/33 cmd 0x1f0 ctl 0x3f6 bmdma 0xd000 irq 14
[    0.844795] ata2: PATA max UDMA/33 cmd 0x170 ctl 0x376 bmdma 0xd008 irq 15
[    0.845747] tun: Universal TUN/TAP device driver, 1.6
[    0.846465] PPP generic driver version 2.4.2
[    0.846966] ehci_hcd: USB 2.0 'Enhanced' Host Controller (EHCI) Driver
[    0.847657] ehci-pci: EHCI PCI platform driver
[    0.848226] ehci-platform: EHCI generic platform driver
[    0.848795] ohci_hcd: USB 1.1 'Open' Host Controller (OHCI) Driver
[    0.849426] ohci-pci: OHCI PCI platform driver
[    0.849925] ohci-platform: OHCI generic platform driver
[    0.850488] uhci_hcd: USB Universal Host Controller Interface driver
[    0.851205] i8042: PNP: PS/2 Controller [PNP0303:PS2K,PNP0f03:PS2M] at 0x60,0x64 irq 1,12
[    0.852421] serio: i8042 KBD port at 0x60,0x64 irq 1
[    0.852974] serio: i8042 AUX port at 0x60,0x64 irq 12
[    0.864329] mousedev: PS/2 mouse device common for all mice
[    0.865460] input: AT Translated Set 2 keyboard as /devices/platform/i8042/serio0/input/input2
[    0.866543] rtc_cmos rtc_cmos: rtc core: registered rtc_cmos as rtc0
[    0.868177] rtc_cmos rtc_cmos: alarms up to one day, 114 bytes nvram
[    0.869546] i2c /dev entries driver
[    0.870486] device-mapper: uevent: version 1.0.3
[    0.871720] device-mapper: ioctl: 4.37.0-ioctl (2017-09-20) initialised: dm-devel@redhat.com
[    0.873948] ledtrig-cpu: registered to indicate activity on CPUs
[    0.875868] NET: Registered protocol family 10
[    0.879858] Segment Routing with IPv6
[    0.880482] NET: Registered protocol family 17
[    0.881138] Key type dns_resolver registered
[    0.882227] mce: Using 0 MCE banks
[    0.882710] RAS: Correctable Errors collector initialized.
[    0.883472] sched_clock: Marking stable (882195360, 0)->(1535845627, -653650267)
[    0.885228] registered taskstats version 1
[    0.885837] Loading compiled-in X.509 certificates
[    0.888109] Loaded X.509 cert 'Build time autogenerated kernel key: b5b26778eaa3ab3a4a6cee031137706e947d12ad'
[    0.889879] Loaded X.509 cert 'Canonical Ltd. Live Patch Signing: 14df34d1a87cf37625abec039ef2bf521249b969'
[    0.891580] Loaded X.509 cert 'Canonical Ltd. Kernel Module Signing: 88f752e560a1e0737e31163a466ad7b70a850c19'
[    0.892957] blacklist: Loading compiled-in revocation X.509 certificates
[    0.893876] Loaded X.509 cert 'Canonical Ltd. Secure Boot Signing: 61482aa2830d0ab2ad5af10b7250da9033ddcef0'
[    0.895191] Loaded X.509 cert 'Canonical Ltd. Secure Boot Signing (2017): 242ade75ac4a15e50d50c84b0d45ff3eae707a03'
[    0.896596] Loaded X.509 cert 'Canonical Ltd. Secure Boot Signing (ESM 2018): 365188c1d374d6b07c3c8f240f8ef722433d6a8b'
[    0.897964] Loaded X.509 cert 'Canonical Ltd. Secure Boot Signing (2019): c0746fd6c5da3ae827864651ad66ae47fe24b3e8'
[    0.899334] Loaded X.509 cert 'Canonical Ltd. Secure Boot Signing (2021 v1): a8d54bbb3825cfb94fa13c9f8a594a195c107b8d'
[    0.900732] Loaded X.509 cert 'Canonical Ltd. Secure Boot Signing (2021 v2): 4cf046892d6fd3c9a5b03f98d845f90851dc6a8c'
[    0.902152] Loaded X.509 cert 'Canonical Ltd. Secure Boot Signing (2021 v3): 100437bb6de6e469b581e61cd66bce3ef4ed53af'
[    0.903579] Loaded X.509 cert 'Canonical Ltd. Secure Boot Signing (Ubuntu Core 2019): c1d57b8f6b743f23ee41f4f7ee292f06eecadfb9'
[    0.905100] zswap: loaded using pool lzo/zbud
[    0.908621] Key type big_key registered
[    0.909191] Key type trusted registered
[    0.910837] Key type encrypted registered
[    0.911420] AppArmor: AppArmor sha1 policy hashing enabled
[    0.912201] ima: No TPM chip found, activating TPM-bypass! (rc=-19)
[    0.913034] ima: Allocated hash algorithm: sha1
[    0.913639] evm: HMAC attrs: 0x1
[    0.914240]   Magic number: 7:42:897
[    0.914864] rtc_cmos rtc_cmos: setting system clock to 2023-09-25 17:51:29 UTC (1695664289)
[    0.916132] BIOS EDD facility v0.16 2004-Jun-25, 0 devices found
[    0.917360] EDD information not available.
[    1.029129] Freeing unused kernel image memory: 2480K
[    1.245478] Write protecting the kernel read-only data: 20480k
[    1.248154] Freeing unused kernel image memory: 2008K
[    1.249175] Freeing unused kernel image memory: 1820K
[    1.256249] x86/mm: Checked W+X mappings: passed, no W+X pages found.
Loading, please wait...
starting version 237
[    1.315555] Fusion MPT base driver 3.04.20
[    1.316237] Copyright (c) 1999-2008 LSI Corporation
[    1.317285] e1000: Intel(R) PRO/1000 Network Driver - version 7.3.21-k8-NAPI
[    1.318198] e1000: Copyright (c) 1999-2006 Intel Corporation.
[    1.328966] AVX2 version of gcm_enc/dec engaged.
[    1.329612] AES CTR mode by8 optimization enabled
[    1.330516] Fusion MPT SPI Host driver 3.04.20
[    1.521874] input: ImExPS/2 Generic Explorer Mouse as /devices/platform/i8042/serio1/input/input4
[    1.654637] e1000 0000:00:03.0 eth0: (PCI:33MHz:32-bit) 02:3b:7b:b7:3b:2d
[    1.655311] e1000 0000:00:03.0 eth0: Intel(R) PRO/1000 Network Connection
[    2.649174] e1000 0000:00:08.0 eth1: (PCI:33MHz:32-bit) 08:00:27:62:17:34
[    2.650313] e1000 0000:00:08.0 eth1: Intel(R) PRO/1000 Network Connection
[    2.652351] e1000 0000:00:03.0 enp0s3: renamed from eth0
[    2.653373] mptbase: ioc0: Initiating bringup
[    2.672776] e1000 0000:00:08.0 enp0s8: renamed from eth1
[    2.798308] ioc0: LSI53C1030 A0: Capabilities={Initiator}
[    5.500548] scsi host2: ioc0: LSI53C1030 A0, FwRev=00000000h, Ports=1, MaxQ=256, IRQ=20
[    7.059150] scsi 2:0:0:0: Direct-Access     VBOX     HARDDISK         1.0  PQ: 0 ANSI: 5
[    7.953046] scsi target2:0:0: Beginning Domain Validation
[    7.957670] scsi target2:0:0: Domain Validation skipping write tests
[    7.959313] scsi target2:0:0: Ending Domain Validation
[    7.960767] scsi target2:0:0: asynchronous
[    7.963290] scsi 2:0:1:0: Direct-Access     VBOX     HARDDISK         1.0  PQ: 0 ANSI: 5
[    8.273451] scsi target2:0:1: Beginning Domain Validation
[    8.275071] scsi target2:0:1: Domain Validation skipping write tests
[    8.275908] scsi target2:0:1: Ending Domain Validation
[    8.276623] scsi target2:0:1: asynchronous
[    8.279668] sd 2:0:0:0: Attached scsi generic sg0 type 0
[    8.280590] sd 2:0:0:0: [sda] 83886080 512-byte logical blocks: (42.9 GB/40.0 GiB)
[    8.280722] sd 2:0:1:0: Attached scsi generic sg1 type 0
[    8.282446] sd 2:0:0:0: [sda] Write Protect is off
[    8.282656] sd 2:0:1:0: [sdb] 20480 512-byte logical blocks: (10.5 MB/10.0 MiB)
[    8.284299] sd 2:0:1:0: [sdb] Write Protect is off
[    8.284310] sd 2:0:0:0: [sda] Incomplete mode parameter data
[    8.285747] sd 2:0:0:0: [sda] Assuming drive cache: write through
[    8.286830] sd 2:0:1:0: [sdb] Incomplete mode parameter data
[    8.288068] sd 2:0:1:0: [sdb] Assuming drive cache: write through
[    8.288166]  sda: sda1
[    8.289933] sd 2:0:0:0: [sda] Attached SCSI disk
[    8.290938] sd 2:0:1:0: [sdb] Attached SCSI disk
Begin: Loading essential drivers ... [    9.652078] raid6: sse2x1   gen()  7706 MB/s
[    9.700092] raid6: sse2x1   xor()  7609 MB/s
[    9.748070] raid6: sse2x2   gen() 15985 MB/s
[    9.796073] raid6: sse2x2   xor() 10406 MB/s
[    9.844107] raid6: sse2x4   gen() 16428 MB/s
[    9.892117] raid6: sse2x4   xor()  9160 MB/s
[    9.940068] raid6: avx2x1   gen() 17301 MB/s
[    9.988092] raid6: avx2x1   xor() 14256 MB/s
[   10.036071] raid6: avx2x2   gen() 30977 MB/s
[   10.084101] raid6: avx2x2   xor() 19019 MB/s
[   10.132067] raid6: avx2x4   gen() 33524 MB/s
[   10.180067] raid6: avx2x4   xor() 15348 MB/s
[   10.180603] raid6: using algorithm avx2x4 gen() 33524 MB/s
[   10.181185] raid6: .... xor() 15348 MB/s, rmw enabled
[   10.181712] raid6: using avx2x2 recovery algorithm
[   10.183296] xor: automatically using best checksumming function   avx       
[   10.185198] async_tx: api initialized (async)
done.
Begin: Running /scripts/init-premount ... done.
Begin: Mounting root file system ... Begin: Running /scripts/local-top ... done.
Begin: Running /scripts/local-premount ... [   10.219856] Btrfs loaded, crc32c=crc32c-intel
Scanning for Btrfs filesystems
done.
Warning: fsck not present, so skipping root file system
[   10.237225] EXT4-fs (sda1): mounted filesystem with ordered data mode. Opts: (null)
done.
Begin: Running /scripts/local-bottom ... done.
Begin: Running /scripts/init-bottom ... done.
[   10.348488] ip_tables: (C) 2000-2006 Netfilter Core Team
[   10.355240] systemd[1]: systemd 237 running in system mode. (+PAM +AUDIT +SELINUX +IMA +APPARMOR +SMACK +SYSVINIT +UTMP +LIBCRYPTSETUP +GCRYPT +GNUTLS +ACL +XZ +LZ4 +SECCOMP +BLKID +ELFUTILS +KMOD -IDN2 +IDN -PCRE2 default-hierarchy=hybrid)
[   10.357672] systemd[1]: Detected virtualization oracle.
[   10.358298] systemd[1]: Detected architecture x86-64.

Welcome to [1mUbuntu 18.04.6 LTS[0m!

[   10.366433] systemd[1]: Set hostname to <ubuntu>.
[   10.367928] systemd[1]: Initializing machine ID from random generator.
[   10.368807] systemd[1]: Installed transient /etc/machine-id file.
[   10.530961] systemd[1]: Reached target Swap.
[[0;32m  OK  [0m] Reached target Swap.
[   10.532184] systemd[1]: Reached target User and Group Name Lookups.
[[0;32m  OK  [0m] Reached target User and Group Name Lookups.
[   10.535608] systemd[1]: Created slice System Slice.
[[0;32m  OK  [0m] Created slice System Slice.
[   10.536450] systemd[1]: Listening on udev Kernel Socket.
[[0;32m  OK  [0m] Listening on udev Kernel Socket.
[[0;32m  OK  [0m] Listening on Journal Socket.
         Starting Uncomplicated firewall...
[[0;32m  OK  [0m] Listening on /dev/initctl Compatibility Named Pipe.
         Mounting POSIX Message Queue File System...
         Starting Load Kernel Modules...
[[0;32m  OK  [0m] Listening on udev Control Socket.
         Starting Set the console keyboard layout...
[[0;32m  OK  [0m] Created slice system-serial\x2dgetty.slice.
[[0;32m  OK  [0m] Listening on fsck to fsckd communication Socket.
         Mounting Kernel Debug File System...
[[0;32m  OK  [0m] Listening on LVM2 metadata daemon socket.
[[0;32m  OK  [0m] Listening on LVM2 poll daemon socket.
         Starting File System Check on Root Device...
[[0;32m  OK  [0m] Listening on Syslog Socket.
[[0;32m  OK  [0m] Listening on Network Service Netlink Socket.
         Starting udev Coldplug all Devices...
[[0;32m  OK  [0m] Started Forward Password Requests to Wall Directory Watch.
[[0;32m  OK  [0m] Listening on Device-mapper event daemon FIFOs.
         Starting Monitoring of LVM2 mirrors…ng dmeventd or progress polling...
[[0;32m  OK  [0m] Reached target System Time Synchronized.
[[0;32m  OK  [0m] Created slice User and Session Slice.
[[0;32m  OK  [0m] Reached target Slices.
[[0;32m  OK  [0m] Reached target Mounting snaps.
[[0;32m  OK  [0m] Reached target Mounted snaps.
[   10.588860] Loading iSCSI transport class v2.0-870.
[   10.593799] iscsi: registered transport (tcp)
         Starting Create list of required st…ce nodes for the current kernel...
[[0;32m  OK  [0m] Listening on Journal Audit Socket.
[[0;32m  OK  [0m] Set up automount Arbitrary Executab…rmats File System Automount Point.
         Mounting Huge Pages File System...
[[0;32m  OK  [0m] Listening on Journal Socket (/dev/log).
[   10.957537] iscsi: registered transport (iser)
         Starting Journal Service...
[[0;32m  OK  [0m] Started Uncomplicated firewall.
[[0;32m  OK  [0m] Mounted POSIX Message Queue File System.
[[0;32m  OK  [0m] Started Load Kernel Modules.
[[0;32m  OK  [0m] Mounted Kernel Debug File System.
[[0;32m  OK  [0m] Started Create list of required sta…vice nodes for the current kernel.
[[0;32m  OK  [0m] Mounted Huge Pages File System.
[[0;32m  OK  [0m] Started File System Check Daemon to report status.
[[0;32m  OK  [0m] Started LVM2 metadata daemon.
         Starting Create Static Device Nodes in /dev...
         Mounting Kernel Configuration File System...
         Mounting FUSE Control File System...
         Starting Apply Kernel Variables...
[[0;32m  OK  [0m] Started File System Check on Root Device.
[[0;32m  OK  [0m] Mounted Kernel Configuration File System.
[[0;32m  OK  [0m] Mounted FUSE Control File System.
         Starting Remount Root and Kernel File Systems...
[[0;32m  OK  [0m] Started udev Coldplug all Devices.
[[0;32m  OK  [0m] Started Create Static Device Nodes in /dev.
[[0;32m  OK  [0m] Started Journal Service.
[[0;32m  OK  [0m] Started Monitoring of LVM2 mirrors,…sing dmeventd or progress polling.
[[0;32m  OK  [0m] Started Apply Kernel Variables.
[[0;32m  OK  [0m] Started Remount Root and Kernel File Systems.
         Starting udev Kernel Device Manager...
         Starting Load/Save Random Seed...
         Starting Flush Journal to Persistent Storage...
[[0;32m  OK  [0m] Started udev Kernel Device Manager.
[[0;32m  OK  [0m] Started Load/Save Random Seed.
[[0;32m  OK  [0m] Started Flush Journal to Persistent Storage.
[[0;32m  OK  [0m] Found device /dev/ttyS0.
[[0;32m  OK  [0m] Listening on Load/Save RF Kill Switch Status /dev/rfkill Watch.
[[0;32m  OK  [0m] Started Set the console keyboard layout.
[[0;32m  OK  [0m] Reached target Local File Systems (Pre).
[[0;32m  OK  [0m] Reached target Local File Systems.
         Starting ebtables ruleset management...
         Starting AppArmor initialization...
         Starting Set console font and keymap...
         Starting Create Volatile Files and Directories...
         Starting Commit a transient machine-id on disk...
         Starting Tell Plymouth To Write Out Runtime Data...
[[0;32m  OK  [0m] Started Dispatch Password Requests to Console Directory Watch.
[[0;32m  OK  [0m] Reached target Local Encrypted Volumes.
[[0;32m  OK  [0m] Started Create Volatile Files and Directories.
         Starting Update UTMP about System Boot/Shutdown...
[[0;32m  OK  [0m] Started Tell Plymouth To Write Out Runtime Data.
[[0;32m  OK  [0m] Started Update UTMP about System Boot/Shutdown.
[[0;32m  OK  [0m] Started Commit a transient machine-id on disk.
[[0;32m  OK  [0m] Started ebtables ruleset management.
         Mounting Arbitrary Executable File Formats File System...
[[0;32m  OK  [0m] Mounted Arbitrary Executable File Formats File System.
[[0;32m  OK  [0m] Started AppArmor initialization.
         Starting Load AppArmor profiles managed internally by snapd...
         Starting Initial cloud-init job (pre-networking)...
[[0;32m  OK  [0m] Started Load AppArmor profiles managed internally by snapd.
[[0;32m  OK  [0m] Started Set console font and keymap.
[   15.319754] cloud-init[848]: Cloud-init v. 23.1.2-0ubuntu0~18.04.1 running 'init-local' at Mon, 25 Sep 2023 17:51:41 +0000. Up 13.20 seconds.
[[0;32m  OK  [0m] Started Initial cloud-init job (pre-networking).
[[0;32m  OK  [0m] Reached target Network (Pre).
         Starting Network Service...
[[0;32m  OK  [0m] Started Network Service.
         Starting Network Name Resolution...
         Starting Wait for Network to be Configured...
[[0;32m  OK  [0m] Started Network Name Resolution.
[[0;32m  OK  [0m] Reached target Network.
[[0;32m  OK  [0m] Reached target Host and Network Name Lookups.
[[0;32m  OK  [0m] Started Wait for Network to be Configured.
         Starting Initial cloud-init job (metadata service crawler)...
[   17.821715] cloud-init[995]: Cloud-init v. 23.1.2-0ubuntu0~18.04.1 running 'init' at Mon, 25 Sep 2023 17:51:46 +0000. Up 17.71 seconds.
[   17.823807] cloud-init[995]: ci-info: ++++++++++++++++++++++++++++++++++++++Net device info+++++++++++++++++++++++++++++++++++++++
[   17.824605] cloud-init[995]: ci-info: +--------+-------+----------------------------+---------------+--------+-------------------+
[   17.825274] cloud-init[995]: ci-info: | Device |   Up  |          Address           |      Mask     | Scope  |     Hw-Address    |
[   17.825856] cloud-init[995]: ci-info: +--------+-------+----------------------------+---------------+--------+-------------------+
[   17.826360] cloud-init[995]: ci-info: | enp0s3 |  True |         10.0.2.15          | 255.255.255.0 | global | 02:3b:7b:b7:3b:2d |
[   17.827011] cloud-init[995]: ci-info: | enp0s3 |  True | fe80::3b:7bff:feb7:3b2d/64 |       .       |  link  | 02:3b:7b:b7:3b:2d |
[   17.829383] cloud-init[995]: ci-info: | enp0s8 | False |             .              |       .       |   .    | 08:00:27:62:17:34 |
[   17.830081] cloud-init[995]: ci-info: |   lo   |  True |         127.0.0.1          |   255.0.0.0   |  host  |         .         |
[   17.830805] cloud-init[995]: ci-info: |   lo   |  True |          ::1/128           |       .       |  host  |         .         |
[   17.831434] cloud-init[995]: ci-info: +--------+-------+----------------------------+---------------+--------+-------------------+
[   17.832132] cloud-init[995]: ci-info: ++++++++++++++++++++++++++++Route IPv4 info+++++++++++++++++++++++++++++
[   17.844377] cloud-init[995]: ci-info: +-------+-------------+----------+-----------------+-----------+-------+
[   17.844850] cloud-init[995]: ci-info: | Route | Destination | Gateway  |     Genmask     | Interface | Flags |
[   17.856445] cloud-init[995]: ci-info: +-------+-------------+----------+-----------------+-----------+-------+
[   17.872307] cloud-init[995]: ci-info: |   0   |   0.0.0.0   | 10.0.2.2 |     0.0.0.0     |   enp0s3  |   UG  |
[   17.872979] cloud-init[995]: ci-info: |   1   |   10.0.2.0  | 0.0.0.0  |  255.255.255.0  |   enp0s3  |   U   |
[   17.873512] cloud-init[995]: ci-info: |   2   |   10.0.2.2  | 0.0.0.0  | 255.255.255.255 |   enp0s3  |   UH  |
[   17.874041] cloud-init[995]: ci-info: +-------+-------------+----------+-----------------+-----------+-------+
[   17.884310] cloud-init[995]: ci-info: +++++++++++++++++++Route IPv6 info+++++++++++++++++++
[   17.884744] cloud-init[995]: ci-info: +-------+-------------+---------+-----------+-------+
[   17.885234] cloud-init[995]: ci-info: | Route | Destination | Gateway | Interface | Flags |
[   17.885692] cloud-init[995]: ci-info: +-------+-------------+---------+-----------+-------+
[   17.886265] cloud-init[995]: ci-info: |   1   |  fe80::/64  |    ::   |   enp0s3  |   U   |
[   17.886724] cloud-init[995]: ci-info: |   3   |    local    |    ::   |   enp0s3  |   U   |
[   17.896309] cloud-init[995]: ci-info: |   4   |   ff00::/8  |    ::   |   enp0s3  |   U   |
[   17.896945] cloud-init[995]: ci-info: +-------+-------------+---------+-----------+-------+
[   20.517791] cloud-init[995]: Generating public/private rsa key pair.
[   20.520311] cloud-init[995]: Your identification has been saved in /etc/ssh/ssh_host_rsa_key.
[   20.520847] cloud-init[995]: Your public key has been saved in /etc/ssh/ssh_host_rsa_key.pub.
[   20.521406] cloud-init[995]: The key fingerprint is:
[   20.521812] cloud-init[995]: SHA256:x5jHvUt3CJu8uxn2GUwoaiZ4pc7JUIJQ8J3KTfly9nc root@ubuntu-bionic
[   20.522390] cloud-init[995]: The key's randomart image is:
[   20.522825] cloud-init[995]: +---[RSA 2048]----+
[   20.523181] cloud-init[995]: |...              |
[   20.523557] cloud-init[995]: | o . o           |
[   20.523963] cloud-init[995]: |. . =            |
[   20.524345] cloud-init[995]: | o = .   = . .   |
[   20.524694] cloud-init[995]: |  + + = S * + .  |
[   20.525043] cloud-init[995]: |     B + + o B . |
[   20.525397] cloud-init[995]: |    o + = . E = .|
[   20.525745] cloud-init[995]: |     * = . + B + |
[   20.526197] cloud-init[995]: |      =     *oo  |
[   20.526587] cloud-init[995]: +----[SHA256]-----+
[   20.526973] cloud-init[995]: Generating public/private dsa key pair.
[   20.527363] cloud-init[995]: Your identification has been saved in /etc/ssh/ssh_host_dsa_key.
[   20.527838] cloud-init[995]: Your public key has been saved in /etc/ssh/ssh_host_dsa_key.pub.
[   20.528418] cloud-init[995]: The key fingerprint is:
[   20.528782] cloud-init[995]: SHA256:I5V6QnmDVKavpw//YLuUiGYtYFevkPcm5lar6n55tcM root@ubuntu-bionic
[   20.529290] cloud-init[995]: The key's randomart image is:
[   20.529642] cloud-init[995]: +---[DSA 1024]----+
[   20.529984] cloud-init[995]: |      ..o        |
[   20.530328] cloud-init[995]: |     . = .       |
[   20.530654] cloud-init[995]: |      * =        |
[   20.531021] cloud-init[995]: |     + * .       |
[   20.531360] cloud-init[995]: |  o + = S        |
[   20.531691] cloud-init[995]: | . o = O.o.      |
[   20.532107] cloud-init[995]: |    = OoO+ .     |
[   20.532452] cloud-init[995]: |   o ++XooE      |
[   20.532797] cloud-init[995]: |   o++++=o..     |
[   20.533126] cloud-init[995]: +----[SHA256]-----+
[   20.533459] cloud-init[995]: Generating public/private ecdsa key pair.
[   20.533854] cloud-init[995]: Your identification has been saved in /etc/ssh/ssh_host_ecdsa_key.
[   20.534365] cloud-init[995]: Your public key has been saved in /etc/ssh/ssh_host_ecdsa_key.pub.
[   20.534899] cloud-init[995]: The key fingerprint is:
[   20.535264] cloud-init[995]: SHA256:P5bjLVOM8ySXyyZgDEuqO3diC7vpfVGaLtKVSmZVhYA root@ubuntu-bionic
[   20.535790] cloud-init[995]: The key's randomart image is:
[   20.536233] cloud-init[995]: +---[ECDSA 256]---+
[   20.536578] cloud-init[995]: |     ... o.      |
[   20.536880] cloud-init[995]: |    E   o        |
[   20.537162] cloud-init[995]: |       .         |
[   20.537422] cloud-init[995]: |      + .        |
[   20.537711] cloud-init[995]: |     + OS  o .   |
[   20.538029] cloud-init[995]: |    = B +.+.*    |
[   20.538334] cloud-init[995]: |  .* + o .*O .   |
[   20.538631] cloud-init[995]: |  +=B +  o++=    |
[   20.538953] cloud-init[995]: | .*Bo*    .=.    |
[   20.539286] cloud-init[995]: +----[SHA256]-----+
[   20.539629] cloud-init[995]: Generating public/private ed25519 key pair.
[   20.540159] cloud-init[995]: Your identification has been saved in /etc/ssh/ssh_host_ed25519_key.
[   20.540764] cloud-init[995]: Your public key has been saved in /etc/ssh/ssh_host_ed25519_key.pub.
[   20.541301] cloud-init[995]: The key fingerprint is:
[   20.541681] cloud-init[995]: SHA256:0bLNA6HtaCldpvp4eGYJ4oUMMaJNG1/koeHNkRl8NnM root@ubuntu-bionic
[   20.542221] cloud-init[995]: The key's randomart image is:
[   20.542581] cloud-init[995]: +--[ED25519 256]--+
[   20.542923] cloud-init[995]: |    .o=+.        |
[   20.543290] cloud-init[995]: |+ o. *===oE      |
[   20.543700] cloud-init[995]: |o= +o.=oB+.      |
[   20.544228] cloud-init[995]: |o o .. B B       |
[   20.544639] cloud-init[995]: | o .. * S +      |
[   20.544999] cloud-init[995]: |  + o+     .     |
[   20.545366] cloud-init[995]: | . o.o .         |
[   20.545695] cloud-init[995]: |  . .o*          |
[   20.546120] cloud-init[995]: |    .=.          |
[   20.546502] cloud-init[995]: +----[SHA256]-----+
[[0;32m  OK  [0m] Started Initial cloud-init job (metadata service crawler).
[[0;32m  OK  [0m] Reached target Cloud-config availability.
[[0;32m  OK  [0m] Reached target Network is Online.
[[0;32m  OK  [0m] Reached target Remote File Systems (Pre).
[[0;32m  OK  [0m] Reached target Remote File Systems.
         Starting Availability of block devices...
[[0;32m  OK  [0m] Reached target System Initialization.
         Starting Socket activation for snappy daemon.
[[0;32m  OK  [0m] Listening on D-Bus System Message Bus Socket.
[[0;32m  OK  [0m] Started Ubuntu Advantage Timer for running repeated jobs.
[[0;32m  OK  [0m] Started Daily apt download activities.
[[0;32m  OK  [0m] Started Daily apt upgrade and clean activities.
[[0;32m  OK  [0m] Listening on UUID daemon activation socket.
[[0;32m  OK  [0m] Listening on Open-iSCSI iscsid Socket.
[[0;32m  OK  [0m] Started Message of the Day.
[[0;32m  OK  [0m] Listening on cloud-init hotplug hook socket.
[[0;32m  OK  [0m] Started Daily Cleanup of Temporary Directories.
[[0;32m  OK  [0m] Started ACPI Events Check.
[[0;32m  OK  [0m] Reached target Paths.
         Starting LXD - unix socket.
[[0;32m  OK  [0m] Started Discard unused blocks once a week.
[[0;32m  OK  [0m] Listening on ACPID Listen Socket.
[[0;32m  OK  [0m] Reached target Timers.
[[0;32m  OK  [0m] Started Availability of block devices.
[[0;32m  OK  [0m] Listening on Socket activation for snappy daemon.
[[0;32m  OK  [0m] Listening on LXD - unix socket.
[[0;32m  OK  [0m] Reached target Sockets.
[[0;32m  OK  [0m] Reached target Basic System.
         Starting Pollinate to seed the pseudo random number generator...
         Starting Virtualbox guest utils...
         Starting System Logging Service...
[[0;32m  OK  [0m] Started Deferred execution scheduler.
[[0;32m  OK  [0m] Reached target Login Prompts (Pre).
         Starting Accounts Service...
         Starting Dispatcher daemon for systemd-networkd...
         Starting LSB: automatic crash report generation...
         Starting Permit User Sessions...
         Starting Login Service...
         Starting Snap Daemon...
[[0;32m  OK  [0m] Started D-Bus System Message Bus.
         Starting LXD - container startup/shutdown...
[[0;32m  OK  [0m] Started irqbalance daemon.
[[0;32m  OK  [0m] Started FUSE filesystem for LXC.
         Starting LSB: Record successful boot for GRUB...
[[0;32m  OK  [0m] Started Regular background program processing daemon.
[[0;32m  OK  [0m] Started System Logging Service.
[[0;32m  OK  [0m] Started Permit User Sessions.
[[0;32m  OK  [0m] Started Login Service.
[[0;32m  OK  [0m] Started Unattended Upgrades Shutdown.
         Starting Terminate Plymouth Boot Screen...
         Starting Hold until boot process finishes up...
[[0;32m  OK  [0m] Started Terminate Plymouth Boot Screen.
[[0;32m  OK  [0m] Started Hold until boot process finishes up.
         Starting Set console scheme...
[[0;32m  OK  [0m] Started Serial Getty on ttyS0.
[[0;32m  OK  [0m] Started LSB: automatic crash report generation.
[[0;32m  OK  [0m] Started Set console scheme.
[[0;32m  OK  [0m] Created slice system-getty.slice.
[[0;32m  OK  [0m] Started Getty on tty1.
[[0;32m  OK  [0m] Reached target Login Prompts.
         Starting Authorization Manager...
[[0;32m  OK  [0m] Started Dispatcher daemon for systemd-networkd.
[[0;32m  OK  [0m] Started Authorization Manager.
[[0;32m  OK  [0m] Started Accounts Service.
[[0;32m  OK  [0m] Started Virtualbox guest utils.
[[0;32m  OK  [0m] Started LSB: Record successful boot for GRUB.
[[0;32m  OK  [0m] Started LXD - container startup/shutdown.
[[0;32m  OK  [0m] Started Snap Daemon.
         Starting Wait until snapd is fully seeded...
         Starting Time & Date Service...
[[0;32m  OK  [0m] Started Time & Date Service.
[[0;32m  OK  [0m] Started Pollinate to seed the pseudo random number generator.
         Starting OpenBSD Secure Shell server...
[[0;32m  OK  [0m] Started OpenBSD Secure Shell server.
[[0;32m  OK  [0m] Created slice User Slice of vagrant.
         Starting User Manager for UID 1000...
[[0;32m  OK  [0m] Started Session 1 of user vagrant.
[[0;32m  OK  [0m] Started User Manager for UID 1000.
[   27.016894] cloud-init[1872]: Cloud-init v. 23.1.2-0ubuntu0~18.04.1 running 'modules:config' at Mon, 25 Sep 2023 17:51:55 +0000. Up 26.72 seconds.

Ubuntu 18.04.6 LTS ubuntu-bionic ttyS0

ubuntu-bionic login: ci-info: no authorized SSH keys fingerprints found for user ubuntu.
<14>Sep 25 17:51:56 cloud-init: #############################################################
<14>Sep 25 17:51:56 cloud-init: -----BEGIN SSH HOST KEY FINGERPRINTS-----
<14>Sep 25 17:51:56 cloud-init: 1024 SHA256:I5V6QnmDVKavpw//YLuUiGYtYFevkPcm5lar6n55tcM root@ubuntu-bionic (DSA)
<14>Sep 25 17:51:56 cloud-init: 256 SHA256:P5bjLVOM8ySXyyZgDEuqO3diC7vpfVGaLtKVSmZVhYA root@ubuntu-bionic (ECDSA)
<14>Sep 25 17:51:56 cloud-init: 256 SHA256:0bLNA6HtaCldpvp4eGYJ4oUMMaJNG1/koeHNkRl8NnM root@ubuntu-bionic (ED25519)
<14>Sep 25 17:51:56 cloud-init: 2048 SHA256:x5jHvUt3CJu8uxn2GUwoaiZ4pc7JUIJQ8J3KTfly9nc root@ubuntu-bionic (RSA)
<14>Sep 25 17:51:56 cloud-init: -----END SSH HOST KEY FINGERPRINTS-----
<14>Sep 25 17:51:56 cloud-init: #############################################################
-----BEGIN SSH HOST KEY KEYS-----
ecdsa-sha2-nistp256 AAAAE2VjZHNhLXNoYTItbmlzdHAyNTYAAAAIbmlzdHAyNTYAAABBBL5WKLb4wV1Q1bvZcx3QvmAeadVj4XcrwebNaej77Eoni5v8vsA54HmtQG6B+fsJhuIoAMcf21sHN5fPZRdhnSU= root@ubuntu-bionic
ssh-ed25519 AAAAC3NzaC1lZDI1NTE5AAAAIIs6ZIWtfvBveTFEYSFUQVNabykWx7EbhAu7nDobjHIE root@ubuntu-bionic
ssh-rsa AAAAB3NzaC1yc2EAAAADAQABAAABAQDmr4dpPhhBQ0OlmNUN/WPwSjoHoXCiDUpRqoMZAGcrcf8IrfbGclkmkMQUkiF2gxAe9Zlr0IevVjhjTO08mprSqUPjefuK/tJd+/+XiYFYZC7EcN5V+JhVClcFYq4VHvL/90T7DtOrTLeCuNWHZvMzHmsMvC77D+NokJy78c41AdyoTtHOajH1IFf3eMZmGMvShXHrP9dumBMAdsGn1xZV4bYdvhXs7kMyzl9Yv97IlTk9Xe4M+i9JXJpILkB9RJ6izia1l6JcVhcU4dyokDlHN3IfMLm9T2bt/hwlknOdRcu0t0snvdQlW8OClAmPLy0n+7o5hgz/M+NN+bK5+Bpz root@ubuntu-bionic
-----END SSH HOST KEY KEYS-----
[   27.575706] cloud-init[1961]: Cloud-init v. 23.1.2-0ubuntu0~18.04.1 running 'modules:final' at Mon, 25 Sep 2023 17:51:56 +0000. Up 27.43 seconds.
[   27.576285] cloud-init[1961]: Cloud-init v. 23.1.2-0ubuntu0~18.04.1 finished at Mon, 25 Sep 2023 17:51:56 +0000. Datasource DataSourceNoCloud [seed=/dev/sdb][dsmode=net].  Up 27.56 seconds
